<?xml version="1.0" encoding="UTF-8"?>
<!-- Generated by org.testng.reporters.JUnitReportReporter -->
<testsuite hostname="KHILT-9074" failures="0" tests="3" name="tests.E2ETest" time="71.061" errors="0" timestamp="2023-11-23T18:51:40 PKT" skipped="0">
  <testcase classname="tests.E2ETest" name="verifyTitleOfLandingPage" time="0.287"/>
  <system-out>
    <![CDATA[verifyTitleOfLandingPage test is starting.
verifyTitleOfLandingPage test is succeed.]]>
  </system-out>
  <testcase classname="tests.E2ETest" name="enterProductItem" time="5.199"/>
  <system-out>
    <![CDATA[enterProductItem test is starting.
enterProductItem test is succeed.]]>
  </system-out>
  <testcase classname="tests.E2ETest" name="getProductItemResult" time="65.575"/>
  <system-out>
    <![CDATA[getProductItemResult test is starting.
getProductItemResult test is succeed.]]>
  </system-out>
</testsuite> <!-- tests.E2ETest -->
